
May 29, 2021 22:29:44.68 NEW SESSION
May 29, 2021 22:29:45.03 [6044:3372:0529/222944.682:ERROR:device_event_log_impl.cc(214)] [22:29:44.682] USB: usb_device_handle_win.cc:1058 Failed to read descriptor from node connection: A device attached to the system is not functioning. (0x1F)
May 29, 2021 22:29:45.03 [6044:3372:0529/222944.685:ERROR:device_event_log_impl.cc(214)] [22:29:44.685] FIDO: webauthn_api.cc:53 Windows WebAuthn API failed to load
May 29, 2021 22:30:18.98 [6044:6520:0529/223018.980:ERROR:connection_factory_impl.cc(429)] Failed to connect to MCS endpoint with error -100
May 29, 2021 22:31:12.72 [6044:6520:0529/223112.725:ERROR:connection_factory_impl.cc(429)] Failed to connect to MCS endpoint with error -101
May 29, 2021 22:32:29.47 [6044:6520:0529/223229.469:ERROR:connection_factory_impl.cc(429)] Failed to connect to MCS endpoint with error -100
May 29, 2021 22:32:38.94 [6044:3372:0529/223238.941:ERROR:account_info_fetcher.cc(62)] OnGetTokenFailure: Connection failed (-100).
May 29, 2021 22:32:39.34 [6044:3372:0529/223239.348:ERROR:account_info_fetcher.cc(62)] OnGetTokenFailure: Connection failed (-100).
May 29, 2021 22:32:39.57 [6044:3372:0529/223239.578:ERROR:account_info_fetcher.cc(62)] OnGetTokenFailure: Connection failed (-100).
May 29, 2021 22:32:47.55 [6044:3372:0529/223247.556:ERROR:account_info_fetcher.cc(62)] OnGetTokenFailure: Connection failed (-100).
May 29, 2021 22:34:22.15 [6044:6520:0529/223422.149:ERROR:connection_factory_impl.cc(429)] Failed to connect to MCS endpoint with error -100
May 29, 2021 22:37:40.38 [6044:6520:0529/223740.386:ERROR:connection_factory_impl.cc(429)] Failed to connect to MCS endpoint with error -100
May 29, 2021 22:44:40.11 [6044:6520:0529/224440.117:ERROR:connection_factory_impl.cc(429)] Failed to connect to MCS endpoint with error -100
May 29, 2021 22:55:00.75 [6044:6520:0529/225500.749:ERROR:connection_factory_impl.cc(429)] Failed to connect to MCS endpoint with error -100
May 29, 2021 23:05:21.37 [6044:6520:0529/230521.369:ERROR:connection_factory_impl.cc(429)] Failed to connect to MCS endpoint with error -100
May 30, 2021 24:07:07.16 [6044:6520:0530/000705.485:ERROR:connection_factory_impl.cc(429)] Failed to connect to MCS endpoint with error -106
May 30, 2021 24:07:15.67 [6044:6520:0530/000715.520:ERROR:connection_factory_impl.cc(429)] Failed to connect to MCS endpoint with error -105
May 30, 2021 01:10:15.89 [6044:6520:0530/011015.891:ERROR:connection_factory_impl.cc(429)] Failed to connect to MCS endpoint with error -106

May 31, 2021 07:36:50.49 NEW SESSION
May 31, 2021 07:36:50.55 [6896:7800:0531/073650.057:ERROR:device_event_log_impl.cc(214)] [07:36:49.437] FIDO: webauthn_api.cc:53 Windows WebAuthn API failed to load
May 31, 2021 07:37:11.28 [7432:9632:0531/073711.285:ERROR:device_event_log_impl.cc(214)] [07:37:11.285] USB: usb_device_handle_win.cc:1058 Failed to read descriptor from node connection: A device attached to the system is not functioning. (0x1F)
May 31, 2021 07:37:11.29 [7432:9632:0531/073711.285:ERROR:device_event_log_impl.cc(214)] [07:37:11.285] USB: usb_device_handle_win.cc:1058 Failed to read descriptor from node connection: A device attached to the system is not functioning. (0x1F)
May 31, 2021 07:37:11.41 [7432:9632:0531/073711.416:ERROR:device_event_log_impl.cc(214)] [07:37:11.416] FIDO: webauthn_api.cc:53 Windows WebAuthn API failed to load
May 31, 2021 07:37:11.49 [7432:8448:0531/073711.490:ERROR:connection_factory_impl.cc(429)] Failed to connect to MCS endpoint with error -106
May 31, 2021 07:37:48.84 [8320:4776:0531/073748.829:ERROR:device_event_log_impl.cc(214)] [07:37:48.830] USB: usb_device_handle_win.cc:1058 Failed to read descriptor from node connection: A device attached to the system is not functioning. (0x1F)
May 31, 2021 07:37:48.85 [8320:4776:0531/073748.830:ERROR:device_event_log_impl.cc(214)] [07:37:48.831] USB: usb_device_handle_win.cc:1058 Failed to read descriptor from node connection: A device attached to the system is not functioning. (0x1F)
May 31, 2021 07:37:48.85 [8320:4776:0531/073748.830:ERROR:device_event_log_impl.cc(214)] [07:37:48.831] USB: usb_device_handle_win.cc:1058 Failed to read descriptor from node connection: A device attached to the system is not functioning. (0x1F)
May 31, 2021 07:37:49.03 [8320:4776:0531/073749.035:ERROR:device_event_log_impl.cc(214)] [07:37:49.034] FIDO: webauthn_api.cc:53 Windows WebAuthn API failed to load
May 31, 2021 07:37:49.20 [8320:10696:0531/073749.203:ERROR:connection_factory_impl.cc(429)] Failed to connect to MCS endpoint with error -106

Jun 01, 2021 08:26:46.92 NEW SESSION
Jun 01, 2021 08:26:47.15 [2208:12400:0601/082646.926:ERROR:device_event_log_impl.cc(214)] [08:26:46.929] FIDO: webauthn_api.cc:53 Windows WebAuthn API failed to load
Jun 01, 2021 08:26:47.17 [2208:12400:0601/082646.934:ERROR:device_event_log_impl.cc(214)] [08:26:46.933] USB: usb_device_handle_win.cc:1058 Failed to read descriptor from node connection: A device attached to the system is not functioning. (0x1F)
Jun 01, 2021 08:26:47.17 [2208:12400:0601/082646.934:ERROR:device_event_log_impl.cc(214)] [08:26:46.933] USB: usb_device_handle_win.cc:1058 Failed to read descriptor from node connection: A device attached to the system is not functioning. (0x1F)
Jun 01, 2021 08:26:47.61 [2208:2244:0601/082647.616:ERROR:connection_factory_impl.cc(429)] Failed to connect to MCS endpoint with error -106
Jun 01, 2021 08:27:09.30 [2208:2244:0601/082709.308:ERROR:connection_factory_impl.cc(429)] Failed to connect to MCS endpoint with error -106
Jun 01, 2021 08:27:18.42 [2208:12400:0601/082718.425:ERROR:account_info_fetcher.cc(62)] OnGetTokenFailure: Connection failed (-106).
Jun 01, 2021 08:27:19.31 [2208:12400:0601/082719.315:ERROR:account_info_fetcher.cc(62)] OnGetTokenFailure: Connection failed (-106).
Jun 01, 2021 08:27:19.50 [2208:12400:0601/082719.507:ERROR:account_info_fetcher.cc(62)] OnGetTokenFailure: Connection failed (-106).
Jun 01, 2021 08:27:20.40 [2208:12400:0601/082720.402:ERROR:account_info_fetcher.cc(62)] OnGetTokenFailure: Connection failed (-106).
Jun 01, 2021 08:27:59.96 [2208:2244:0601/082759.960:ERROR:connection_factory_impl.cc(429)] Failed to connect to MCS endpoint with error -106
Jun 01, 2021 08:29:47.13 [2208:2244:0601/082947.139:ERROR:connection_factory_impl.cc(429)] Failed to connect to MCS endpoint with error -106
Jun 01, 2021 08:33:16.96 [2208:2244:0601/083316.960:ERROR:connection_factory_impl.cc(429)] Failed to connect to MCS endpoint with error -106
Jun 01, 2021 08:40:49.42 [2208:2244:0601/084049.422:ERROR:connection_factory_impl.cc(429)] Failed to connect to MCS endpoint with error -106
Jun 01, 2021 08:50:49.43 [2208:2244:0601/085049.433:ERROR:connection_factory_impl.cc(429)] Failed to connect to MCS endpoint with error -106
Jun 01, 2021 09:00:49.44 [2208:2244:0601/090049.449:ERROR:connection_factory_impl.cc(429)] Failed to connect to MCS endpoint with error -106
Jun 01, 2021 09:10:49.45 [2208:2244:0601/091049.456:ERROR:connection_factory_impl.cc(429)] Failed to connect to MCS endpoint with error -106
Jun 01, 2021 09:20:49.47 [2208:2244:0601/092049.472:ERROR:connection_factory_impl.cc(429)] Failed to connect to MCS endpoint with error -106
Jun 01, 2021 09:30:49.47 [2208:2244:0601/093049.475:ERROR:connection_factory_impl.cc(429)] Failed to connect to MCS endpoint with error -106
Jun 01, 2021 09:40:49.48 [2208:2244:0601/094049.482:ERROR:connection_factory_impl.cc(429)] Failed to connect to MCS endpoint with error -106
Jun 01, 2021 09:44:35.77 [2208:2244:0601/094435.778:ERROR:connection_factory_impl.cc(429)] Failed to connect to MCS endpoint with error -105
Jun 01, 2021 09:45:11.14 [2208:12400:0601/094511.148:ERROR:device_event_log_impl.cc(214)] [09:45:11.148] USB: usb_service_win.cc:258 Failed to get device driver name: Element not found. (0x490)
Jun 01, 2021 09:48:14.49 [2208:12400:0601/094814.452:ERROR:device_event_log_impl.cc(214)] [09:48:14.453] USB: usb_service_win.cc:352 Could not get child device's service name: Element not found. (0x490)
Jun 01, 2021 10:11:54.49 [2208:12400:0601/101154.495:ERROR:device_event_log_impl.cc(214)] [10:11:54.494] USB: usb_service_win.cc:352 Could not get child device's service name: Element not found. (0x490)
Jun 01, 2021 10:28:22.57 [2208:12400:0601/102822.577:ERROR:device_event_log_impl.cc(214)] [10:28:22.578] USB: usb_service_win.cc:352 Could not get child device's service name: Element not found. (0x490)
Jun 01, 2021 10:57:16.13 [2208:12400:0601/105716.129:ERROR:device_event_log_impl.cc(214)] [10:57:16.129] USB: usb_service_win.cc:352 Could not get child device's service name: Element not found. (0x490)
Jun 01, 2021 12:21:23.16 [2208:2244:0601/122123.159:ERROR:connection_factory_impl.cc(429)] Failed to connect to MCS endpoint with error -106
Jun 01, 2021 12:37:31.42 [2208:2244:0601/123731.421:ERROR:connection_factory_impl.cc(429)] Failed to connect to MCS endpoint with error -105
Jun 01, 2021 12:37:54.21 [2208:2244:0601/123754.219:ERROR:connection_factory_impl.cc(429)] Failed to connect to MCS endpoint with error -105
Jun 01, 2021 12:38:50.15 [2208:2244:0601/123850.156:ERROR:connection_factory_impl.cc(429)] Failed to connect to MCS endpoint with error -105
Jun 01, 2021 14:24:10.52 [2208:2244:0601/142410.529:ERROR:connection_factory_impl.cc(429)] Failed to connect to MCS endpoint with error -106
Jun 01, 2021 14:24:11.21 [2208:2244:0601/142411.216:ERROR:connection_factory_impl.cc(429)] Failed to connect to MCS endpoint with error -106
Jun 01, 2021 14:29:20.87 [2208:2244:0601/142920.874:ERROR:connection_factory_impl.cc(429)] Failed to connect to MCS endpoint with error -105
Jun 01, 2021 14:32:20.94 [2208:12400:0601/143220.947:ERROR:device_event_log_impl.cc(214)] [14:32:20.956] USB: usb_service_win.cc:258 Failed to get device driver name: Element not found. (0x490)
Jun 01, 2021 15:04:21.18 [2208:7432:0601/150421.188:ERROR:get_updates_processor.cc(255)] PostClientToServerMessage() failed during GetUpdates with error 2
Jun 01, 2021 15:05:28.34 [2208:8884:0601/150528.347:ERROR:get_updates_processor.cc(255)] PostClientToServerMessage() failed during GetUpdates with error 2
Jun 01, 2021 15:06:45.28 [2208:8884:0601/150645.285:ERROR:get_updates_processor.cc(255)] PostClientToServerMessage() failed during GetUpdates with error 2
Jun 01, 2021 15:07:10.78 [2208:2244:0601/150710.784:ERROR:connection_factory_impl.cc(429)] Failed to connect to MCS endpoint with error -100
Jun 01, 2021 15:07:52.06 [2208:2244:0601/150752.067:ERROR:connection_factory_impl.cc(429)] Failed to connect to MCS endpoint with error -100
Jun 01, 2021 15:09:11.15 [2208:2244:0601/150911.151:ERROR:connection_factory_impl.cc(429)] Failed to connect to MCS endpoint with error -100
Jun 01, 2021 15:10:30.85 [2208:2244:0601/151030.857:ERROR:connection_factory_impl.cc(429)] Failed to connect to MCS endpoint with error -100
Jun 01, 2021 15:14:25.13 [2208:2244:0601/151425.122:ERROR:connection_factory_impl.cc(429)] Failed to connect to MCS endpoint with error -105
Jun 01, 2021 15:16:19.31 [2208:2244:0601/151619.317:ERROR:connection_factory_impl.cc(429)] Failed to connect to MCS endpoint with error -100
Jun 01, 2021 15:20:32.39 [2208:2244:0601/152032.392:ERROR:connection_factory_impl.cc(429)] Failed to connect to MCS endpoint with error -100
Jun 01, 2021 15:21:35.76 [2208:2244:0601/152135.764:ERROR:connection_factory_impl.cc(429)] Failed to connect to MCS endpoint with error -100
Jun 01, 2021 15:23:34.10 [2208:2244:0601/152334.106:ERROR:connection_factory_impl.cc(429)] Failed to connect to MCS endpoint with error -100
Jun 01, 2021 15:27:07.22 [2208:2244:0601/152707.221:ERROR:connection_factory_impl.cc(429)] Failed to connect to MCS endpoint with error -100
Jun 01, 2021 15:33:32.72 [2208:2244:0601/153332.721:ERROR:connection_factory_impl.cc(429)] Failed to connect to MCS endpoint with error -100
Jun 01, 2021 15:34:14.88 [2208:2244:0601/153414.882:ERROR:connection_factory_impl.cc(429)] Failed to connect to MCS endpoint with error -100
Jun 01, 2021 15:44:35.62 [2208:2244:0601/154435.625:ERROR:connection_factory_impl.cc(429)] Failed to connect to MCS endpoint with error -100
Jun 01, 2021 15:54:57.41 [2208:2244:0601/155457.413:ERROR:connection_factory_impl.cc(429)] Failed to connect to MCS endpoint with error -100
Jun 01, 2021 16:05:18.36 [2208:2244:0601/160518.364:ERROR:connection_factory_impl.cc(429)] Failed to connect to MCS endpoint with error -100
Jun 01, 2021 16:15:40.42 [2208:2244:0601/161540.423:ERROR:connection_factory_impl.cc(429)] Failed to connect to MCS endpoint with error -100
Jun 01, 2021 16:32:31.96 [2208:12400:0601/163231.960:ERROR:device_event_log_impl.cc(214)] [16:32:31.964] USB: usb_service_win.cc:352 Could not get child device's service name: Element not found. (0x490)
Jun 01, 2021 16:32:37.17 [2208:12400:0601/163237.178:ERROR:device_event_log_impl.cc(214)] [16:32:37.185] USB: usb_service_win.cc:352 Could not get child device's service name: Element not found. (0x490)
Jun 01, 2021 16:33:24.92 [2208:12400:0601/163324.911:ERROR:device_event_log_impl.cc(214)] [16:33:24.924] USB: usb_service_win.cc:352 Could not get child device's service name: Element not found. (0x490)
Jun 01, 2021 17:01:22.88 [2208:12400:0601/170122.888:ERROR:device_event_log_impl.cc(214)] [17:01:22.892] USB: usb_service_win.cc:352 Could not get child device's service name: Element not found. (0x490)
Jun 01, 2021 17:01:24.77 [2208:12400:0601/170124.764:ERROR:device_event_log_impl.cc(214)] [17:01:24.772] USB: usb_service_win.cc:352 Could not get child device's service name: Element not found. (0x490)
Jun 01, 2021 17:56:30.67 [2208:12400:0601/175630.670:ERROR:device_event_log_impl.cc(214)] [17:56:30.675] USB: usb_service_win.cc:258 Failed to get device driver name: Element not found. (0x490)
Jun 01, 2021 17:59:29.75 [2208:12400:0601/175929.758:ERROR:device_event_log_impl.cc(214)] [17:59:29.760] USB: usb_service_win.cc:352 Could not get child device's service name: Element not found. (0x490)
Jun 01, 2021 18:00:53.88 [2208:12400:0601/180053.870:ERROR:device_event_log_impl.cc(214)] [18:00:53.878] USB: usb_service_win.cc:258 Failed to get device driver name: Element not found. (0x490)

Jun 01, 2021 21:51:58.09 NEW SESSION
Jun 01, 2021 21:51:59.90 [5192:5324:0601/215156.741:ERROR:device_event_log_impl.cc(214)] [21:51:56.741] USB: usb_service_win.cc:352 Could not get child device's service name: Element not found. (0x490)
Jun 01, 2021 21:51:59.91 [5192:5324:0601/215156.745:ERROR:device_event_log_impl.cc(214)] [21:51:56.745] USB: usb_device_handle_win.cc:1058 Failed to read descriptor from node connection: A device attached to the system is not functioning. (0x1F)
Jun 01, 2021 21:51:59.92 [5192:5324:0601/215156.769:ERROR:device_event_log_impl.cc(214)] [21:51:56.769] USB: usb_device_handle_win.cc:1058 Failed to read descriptor from node connection: A device attached to the system is not functioning. (0x1F)
Jun 01, 2021 21:51:59.93 [5192:5324:0601/215156.793:ERROR:device_event_log_impl.cc(214)] [21:51:56.792] FIDO: webauthn_api.cc:53 Windows WebAuthn API failed to load
Jun 01, 2021 22:04:45.70 [5192:5324:0601/220445.703:ERROR:device_event_log_impl.cc(214)] [22:04:45.703] USB: usb_service_win.cc:352 Could not get child device's service name: Element not found. (0x490)
Jun 01, 2021 22:07:35.10 [5192:7160:0601/220735.100:ERROR:get_updates_processor.cc(255)] PostClientToServerMessage() failed during GetUpdates with error 2
Jun 01, 2021 22:08:42.37 [5192:6088:0601/220842.378:ERROR:get_updates_processor.cc(255)] PostClientToServerMessage() failed during GetUpdates with error 2
Jun 01, 2021 22:10:57.55 [5192:4404:0601/221057.559:ERROR:get_updates_processor.cc(255)] PostClientToServerMessage() failed during GetUpdates with error 2
Jun 01, 2021 22:16:01.20 [5192:6168:0601/221601.202:ERROR:get_updates_processor.cc(255)] PostClientToServerMessage() failed during GetUpdates with error 2
Jun 01, 2021 22:26:23.94 [5192:5088:0601/222623.946:ERROR:get_updates_processor.cc(255)] PostClientToServerMessage() failed during GetUpdates with error 2
Jun 01, 2021 22:36:44.31 [5192:6680:0601/223644.312:ERROR:get_updates_processor.cc(255)] PostClientToServerMessage() failed during GetUpdates with error 2

Jun 03, 2021 12:35:56.37 NEW SESSION
Jun 03, 2021 12:35:56.90 [6672:9576:0603/123554.869:ERROR:device_event_log_impl.cc(214)] [12:35:54.869] USB: usb_device_handle_win.cc:1058 Failed to read descriptor from node connection: A device attached to the system is not functioning. (0x1F)
Jun 03, 2021 12:35:56.96 [6672:9576:0603/123555.297:ERROR:device_event_log_impl.cc(214)] [12:35:54.998] FIDO: webauthn_api.cc:53 Windows WebAuthn API failed to load

Jun 06, 2021 22:08:10.71 NEW SESSION
Jun 06, 2021 22:08:11.46 [11212:6208:0606/220809.216:ERROR:device_event_log_impl.cc(214)] [22:08:05.897] FIDO: webauthn_api.cc:53 Windows WebAuthn API failed to load

Jun 07, 2021 23:23:17.09 NEW SESSION
Jun 07, 2021 23:23:17.11 [11184:8800:0607/232317.048:ERROR:device_event_log_impl.cc(214)] [23:23:16.391] FIDO: webauthn_api.cc:53 Windows WebAuthn API failed to load

Jul 04, 2021 21:17:11.77 NEW SESSION
Jul 04, 2021 21:17:11.78 [564:9840:0704/211711.775:ERROR:device_event_log_impl.cc(214)] [21:17:11.773] FIDO: webauthn_api.cc:53 Windows WebAuthn API failed to load
Jul 04, 2021 21:17:11.79 [564:9840:0704/211711.779:ERROR:device_event_log_impl.cc(214)] [21:17:11.778] USB: usb_device_handle_win.cc:1058 Failed to read descriptor from node connection: A device attached to the system is not functioning. (0x1F)
Jul 04, 2021 21:17:11.79 [564:9840:0704/211711.779:ERROR:device_event_log_impl.cc(214)] [21:17:11.779] USB: usb_device_handle_win.cc:1058 Failed to read descriptor from node connection: A device attached to the system is not functioning. (0x1F)
Jul 04, 2021 21:17:12.27 [564:924:0704/211712.274:ERROR:connection_factory_impl.cc(429)] Failed to connect to MCS endpoint with error -106
Jul 04, 2021 22:10:13.16 [5680:9196:0704/221013.162:ERROR:device_event_log_impl.cc(214)] [22:10:13.162] USB: usb_device_handle_win.cc:1058 Failed to read descriptor from node connection: A device attached to the system is not functioning. (0x1F)
Jul 04, 2021 22:10:13.18 [5680:9196:0704/221013.162:ERROR:device_event_log_impl.cc(214)] [22:10:13.162] USB: usb_device_handle_win.cc:1058 Failed to read descriptor from node connection: A device attached to the system is not functioning. (0x1F)
Jul 04, 2021 22:10:13.18 [5680:9196:0704/221013.163:ERROR:device_event_log_impl.cc(214)] [22:10:13.163] FIDO: webauthn_api.cc:53 Windows WebAuthn API failed to load
Jul 04, 2021 22:25:45.90 [8164:9264:0704/222545.822:ERROR:device_event_log_impl.cc(214)] [22:25:45.822] USB: usb_device_handle_win.cc:1058 Failed to read descriptor from node connection: A device attached to the system is not functioning. (0x1F)
Jul 04, 2021 22:25:45.97 [8164:9264:0704/222545.822:ERROR:device_event_log_impl.cc(214)] [22:25:45.823] USB: usb_device_handle_win.cc:1058 Failed to read descriptor from node connection: A device attached to the system is not functioning. (0x1F)
Jul 04, 2021 22:26:06.58 [1492:7616:0704/222606.573:ERROR:device_event_log_impl.cc(214)] [22:26:06.573] USB: usb_device_handle_win.cc:1058 Failed to read descriptor from node connection: A device attached to the system is not functioning. (0x1F)
Jul 04, 2021 22:26:06.58 [1492:7616:0704/222606.573:ERROR:device_event_log_impl.cc(214)] [22:26:06.573] USB: usb_device_handle_win.cc:1058 Failed to read descriptor from node connection: A device attached to the system is not functioning. (0x1F)
Jul 04, 2021 22:26:06.63 [1492:7616:0704/222606.632:ERROR:device_event_log_impl.cc(214)] [22:26:06.628] FIDO: webauthn_api.cc:53 Windows WebAuthn API failed to load
Jul 04, 2021 22:28:46.36 [2856:4632:0704/222846.362:ERROR:device_event_log_impl.cc(214)] [22:28:46.362] USB: usb_device_handle_win.cc:1058 Failed to read descriptor from node connection: A device attached to the system is not functioning. (0x1F)
Jul 04, 2021 22:28:46.36 [2856:4632:0704/222846.364:ERROR:device_event_log_impl.cc(214)] [22:28:46.364] USB: usb_device_handle_win.cc:1058 Failed to read descriptor from node connection: A device attached to the system is not functioning. (0x1F)
Jul 04, 2021 22:28:46.37 [2856:4632:0704/222846.373:ERROR:device_event_log_impl.cc(214)] [22:28:46.373] FIDO: webauthn_api.cc:53 Windows WebAuthn API failed to load

Jul 05, 2021 09:08:44.03 NEW SESSION
Jul 05, 2021 09:08:44.22 [8120:2796:0705/090844.034:ERROR:device_event_log_impl.cc(214)] [09:08:44.033] FIDO: webauthn_api.cc:53 Windows WebAuthn API failed to load
Jul 05, 2021 09:08:44.31 [8120:2796:0705/090844.037:ERROR:device_event_log_impl.cc(214)] [09:08:44.036] USB: usb_device_handle_win.cc:1058 Failed to read descriptor from node connection: A device attached to the system is not functioning. (0x1F)
Jul 05, 2021 09:08:44.32 [8120:2796:0705/090844.037:ERROR:device_event_log_impl.cc(214)] [09:08:44.036] USB: usb_device_handle_win.cc:1058 Failed to read descriptor from node connection: A device attached to the system is not functioning. (0x1F)
Jul 05, 2021 09:09:56.28 [8120:4668:0705/090952.283:ERROR:connection_factory_impl.cc(429)] Failed to connect to MCS endpoint with error -100
Jul 05, 2021 09:10:34.03 [8120:4668:0705/091034.029:ERROR:connection_factory_impl.cc(429)] Failed to connect to MCS endpoint with error -100
Jul 05, 2021 09:11:40.71 [8120:4668:0705/091140.695:ERROR:connection_factory_impl.cc(429)] Failed to connect to MCS endpoint with error -100
Jul 05, 2021 09:13:35.34 [8120:4668:0705/091335.347:ERROR:connection_factory_impl.cc(429)] Failed to connect to MCS endpoint with error -100
Jul 05, 2021 09:16:59.43 [8120:4668:0705/091659.395:ERROR:connection_factory_impl.cc(429)] Failed to connect to MCS endpoint with error -100
Jul 05, 2021 09:25:21.96 [8120:4668:0705/092521.924:ERROR:connection_factory_impl.cc(429)] Failed to connect to MCS endpoint with error -100
